<?xml version="1.0" encoding="UTF-8"?>
<testng-results skipped="0" failed="0" ignored="0" total="3" passed="3">
  <reporter-output>
  </reporter-output>
  <suite name="Default suite" duration-ms="81669" started-at="2021-01-30T15:50:11 IST" finished-at="2021-01-30T15:51:33 IST">
    <groups>
    </groups>
    <test name="Default test" duration-ms="81669" started-at="2021-01-30T15:50:11 IST" finished-at="2021-01-30T15:51:33 IST">
      <class name="com.flipkart.loginTest.LoginPageTest">
        <test-method status="PASS" signature="setUp()[pri:0, instance:com.flipkart.loginTest.LoginPageTest@64729b1e]" name="setUp" is-config="true" duration-ms="48343" started-at="2021-01-30T15:50:11 IST" finished-at="2021-01-30T15:51:00 IST">
          <reporter-output>
          </reporter-output>
        </test-method> <!-- setUp -->
        <test-method status="PASS" signature="loginTest()[pri:1, instance:com.flipkart.loginTest.LoginPageTest@64729b1e]" name="loginTest" duration-ms="5099" started-at="2021-01-30T15:51:00 IST" finished-at="2021-01-30T15:51:05 IST">
          <reporter-output>
          </reporter-output>
        </test-method> <!-- loginTest -->
        <test-method status="PASS" signature="tearDown()[pri:0, instance:com.flipkart.loginTest.LoginPageTest@64729b1e]" name="tearDown" is-config="true" duration-ms="1335" started-at="2021-01-30T15:51:05 IST" finished-at="2021-01-30T15:51:06 IST">
          <reporter-output>
          </reporter-output>
        </test-method> <!-- tearDown -->
        <test-method status="PASS" signature="setUp()[pri:0, instance:com.flipkart.loginTest.LoginPageTest@64729b1e]" name="setUp" is-config="true" duration-ms="11374" started-at="2021-01-30T15:51:06 IST" finished-at="2021-01-30T15:51:17 IST">
          <reporter-output>
          </reporter-output>
        </test-method> <!-- setUp -->
        <test-method status="PASS" signature="loginWindowLogoTest()[pri:2, instance:com.flipkart.loginTest.LoginPageTest@64729b1e]" name="loginWindowLogoTest" duration-ms="257" started-at="2021-01-30T15:51:17 IST" finished-at="2021-01-30T15:51:18 IST">
          <reporter-output>
          </reporter-output>
        </test-method> <!-- loginWindowLogoTest -->
        <test-method status="PASS" signature="tearDown()[pri:0, instance:com.flipkart.loginTest.LoginPageTest@64729b1e]" name="tearDown" is-config="true" duration-ms="2606" started-at="2021-01-30T15:51:18 IST" finished-at="2021-01-30T15:51:20 IST">
          <reporter-output>
          </reporter-output>
        </test-method> <!-- tearDown -->
        <test-method status="PASS" signature="setUp()[pri:0, instance:com.flipkart.loginTest.LoginPageTest@64729b1e]" name="setUp" is-config="true" duration-ms="10408" started-at="2021-01-30T15:51:20 IST" finished-at="2021-01-30T15:51:31 IST">
          <reporter-output>
          </reporter-output>
        </test-method> <!-- setUp -->
        <test-method status="PASS" signature="cancelLoginTest()[pri:3, instance:com.flipkart.loginTest.LoginPageTest@64729b1e]" name="cancelLoginTest" duration-ms="130" started-at="2021-01-30T15:51:31 IST" finished-at="2021-01-30T15:51:31 IST">
          <reporter-output>
          </reporter-output>
        </test-method> <!-- cancelLoginTest -->
        <test-method status="PASS" signature="tearDown()[pri:0, instance:com.flipkart.loginTest.LoginPageTest@64729b1e]" name="tearDown" is-config="true" duration-ms="2011" started-at="2021-01-30T15:51:31 IST" finished-at="2021-01-30T15:51:33 IST">
          <reporter-output>
          </reporter-output>
        </test-method> <!-- tearDown -->
      </class> <!-- com.flipkart.loginTest.LoginPageTest -->
    </test> <!-- Default test -->
  </suite> <!-- Default suite -->
</testng-results>
