<?xml version="1.0" encoding="UTF-8"?>
<!-- Generated by org.testng.reporters.JUnitXMLReporter -->
<testsuite hostname="SHubh_chitranSH" ignored="0" name="Default test" tests="3" failures="0" timestamp="2021-01-30T15:51:33 IST" time="81.669" errors="0">
  <testcase name="loginTest" time="5.099" classname="com.flipkart.loginTest.LoginPageTest"/>
  <testcase name="loginWindowLogoTest" time="0.257" classname="com.flipkart.loginTest.LoginPageTest"/>
  <testcase name="cancelLoginTest" time="0.13" classname="com.flipkart.loginTest.LoginPageTest"/>
</testsuite> <!-- Default test -->
